<?xml version="1.0" encoding="UTF-8"?>
<testng-results skipped="0" failed="0" ignored="0" total="1" passed="1">
  <reporter-output>
  </reporter-output>
  <suite name="Suite" duration-ms="30707" started-at="2018-03-31T04:56:49Z" finished-at="2018-03-31T04:57:20Z">
    <groups>
    </groups>
    <test name="Test" duration-ms="30707" started-at="2018-03-31T04:56:49Z" finished-at="2018-03-31T04:57:20Z">
      <class name="com.Amazontesting.Test1">
        <test-method status="PASS" signature="f()[pri:0, instance:com.Amazontesting.Test1@4d3167f4]" name="f" duration-ms="30519" started-at="2018-03-31T04:56:49Z" finished-at="2018-03-31T04:57:20Z">
          <reporter-output>
          </reporter-output>
        </test-method> <!-- f -->
      </class> <!-- com.Amazontesting.Test1 -->
    </test> <!-- Test -->
  </suite> <!-- Suite -->
</testng-results>
